['Cisco Nexus Operating System (NX-OS) Software
TAC support: http://www.cisco.com/tac
Documents: http://www.cisco.com/en/US/products/ps9372/tsd_products_support_series_home.html
Copyright (c) 2002-2024, Cisco Systems, Inc. All rights reserved.
The copyrights to certain works contained herein are owned by
other third parties and are used and distributed under license.
Some parts of this software are covered under the GNU Public
License. A copy of the license is available at
http://www.gnu.org/licenses/gpl.html.

Nexus 9000v is a demo version of the Nexus Operating System

Software
  BIOS: version 
  NXOS: version 10.5(1) [Feature Release]
  BIOS compile time:  
  NXOS image file is: bootflash:///nxos64-cs.10.5.1.F.bin
  NXOS compile time:  7/31/2024 12:00:00 [07/26/2024 02:00:41]

Hardware
  cisco Nexus9000 C9300v Chassis 
  Intel(R) Core(TM) i9-14900K with 12252144 kB of memory.
  Processor Board ID 9ZEY7Q8UFBC
  Device name: SW2NXOS
  bootflash:    8598528 kB

Kernel uptime is 0 day(s), 2 hour(s), 51 minute(s), 35 second(s)

Last reset 
  Reason: Unknown
  System version: 
  Service: 

plugin
  Core Plugin, Ethernet Plugin

Active Package(s):', 'IP Route Table for VRF "default"
\'*\' denotes best ucast next-hop
\'**\' denotes best mcast next-hop
\'[x/y]\' denotes [preference/metric]
\'%<string>\' in via output denotes VRF <string>

192.168.89.0/24, ubest/mbest: 3/0
    *via 10.1.10.1%management, mgmt0, [1/0], 02:25:54, static
    *via 10.1.10.2%management, mgmt0, [1/0], 02:26:25, static
    *via 192.168.89.101%management, mgmt0, [1/0], 02:27:37, static', 'IP Route Table for VRF "management"
\'*\' denotes best ucast next-hop
\'**\' denotes best mcast next-hop
\'[x/y]\' denotes [preference/metric]
\'%<string>\' in via output denotes VRF <string>

10.1.10.0/24, ubest/mbest: 1/0, attached
    *via 10.1.10.22, mgmt0, [0/0], 02:34:47, direct
10.1.10.22/32, ubest/mbest: 1/0, attached
    *via 10.1.10.22, mgmt0, [0/0], 02:34:47, local', 'Legend: 
        * - primary entry, G - Gateway MAC, (R) - Routed MAC, O - Overlay MAC
        age - seconds since last seen,+ - primary entry using vPC Peer-Link,
        (T) - True, (F) - False, C - ControlPlane MAC, ~ - vsan,
        (NA)- Not Applicable A – ESI Active Path, S – ESI Standby Path
   VLAN     MAC Address      Type      age     Secure NTFY Ports
---------+-----------------+--------+---------+------+----+------------------
G    -     5298.2091.1b08   static   -         F      F    sup-eth1(R)', 'VLAN Name                             Status    Ports
---- -------------------------------- --------- -------------------------------
1    default                          active    Eth1/2, Eth1/3, Eth1/4, Eth1/5
                                                Eth1/6, Eth1/7, Eth1/8, Eth1/9
                                                Eth1/10, Eth1/11, Eth1/12
                                                Eth1/13, Eth1/14, Eth1/15
                                                Eth1/16, Eth1/17, Eth1/18
                                                Eth1/19, Eth1/20, Eth1/21
                                                Eth1/22, Eth1/23, Eth1/24
                                                Eth1/25, Eth1/26, Eth1/27
                                                Eth1/28, Eth1/29, Eth1/30
                                                Eth1/31, Eth1/32, Eth1/33
                                                Eth1/34, Eth1/35, Eth1/36
                                                Eth1/37, Eth1/38, Eth1/39
                                                Eth1/40, Eth1/41, Eth1/42
                                                Eth1/43, Eth1/44, Eth1/45
                                                Eth1/46, Eth1/47, Eth1/48
                                                Eth1/49, Eth1/50, Eth1/51
                                                Eth1/52, Eth1/53, Eth1/54
                                                Eth1/55, Eth1/56, Eth1/57
                                                Eth1/58, Eth1/59, Eth1/60
                                                Eth1/61, Eth1/62, Eth1/63
                                                Eth1/64
10   VLAN10                           active    Eth1/1
20   VLAN20                           active']